# JRE version: OpenJDK Runtime Environment (8.0_242-b01) (build 1.8.0_242-release-1644-b01)
# Java VM: OpenJDK 64-Bit Server VM (25.242-b01 mixed mode windows-amd64 compressed oops)
Heap:
 PSYoungGen      total 427520K, used 282533K [0x00000000d5580000, 0x00000000f6100000, 0x0000000100000000)
  eden space 380928K, 61% used [0x00000000d5580000,0x00000000e3beaf10,0x00000000ec980000)
  from space 46592K, 99% used [0x00000000f0200000,0x00000000f2f7e580,0x00000000f2f80000)
  to   space 57856K, 0% used [0x00000000ec980000,0x00000000ec980000,0x00000000f0200000)
 ParOldGen       total 740352K, used 71931K [0x0000000080000000, 0x00000000ad300000, 0x00000000d5580000)
  object space 740352K, 9% used [0x0000000080000000,0x000000008463ed68,0x00000000ad300000)
 Metaspace       used 105368K, capacity 112564K, committed 112792K, reserved 1146880K
  class space    used 14143K, capacity 15492K, committed 15528K, reserved 1048576K
GC Heap History (10 events):
Event: 219.122 GC heap before
{Heap before GC invocations=12 (full 3):
 PSYoungGen      total 337920K, used 337909K [0x00000000d5580000, 0x00000000ec680000, 0x0000000100000000)
  eden space 312320K, 100% used [0x00000000d5580000,0x00000000e8680000,0x00000000e8680000)
  from space 25600K, 99% used [0x00000000eac80000,0x00000000ec57d658,0x00000000ec580000)
  to   space 32768K, 0% used [0x00000000e8680000,0x00000000e8680000,0x00000000ea680000)
 ParOldGen       total 514048K, used 45642K [0x0000000080000000, 0x000000009f600000, 0x00000000d5580000)
  object space 514048K, 8% used [0x0000000080000000,0x0000000082c92a40,0x000000009f600000)
 Metaspace       used 87330K, capacity 93352K, committed 93464K, reserved 1130496K
  class space    used 11692K, capacity 12750K, committed 12840K, reserved 1048576K
Event: 219.149 GC heap after
Heap after GC invocations=12 (full 3):
 PSYoungGen      total 345088K, used 32767K [0x00000000d5580000, 0x00000000ef480000, 0x0000000100000000)
  eden space 312320K, 0% used [0x00000000d5580000,0x00000000d5580000,0x00000000e8680000)
  from space 32768K, 99% used [0x00000000e8680000,0x00000000ea67ff98,0x00000000ea680000)
  to   space 38400K, 0% used [0x00000000ecf00000,0x00000000ecf00000,0x00000000ef480000)
 ParOldGen       total 514048K, used 49287K [0x0000000080000000, 0x000000009f600000, 0x00000000d5580000)
  object space 514048K, 9% used [0x0000000080000000,0x0000000083021e28,0x000000009f600000)
 Metaspace       used 87330K, capacity 93352K, committed 93464K, reserved 1130496K
  class space    used 11692K, capacity 12750K, committed 12840K, reserved 1048576K
}
Event: 225.861 GC heap before
{Heap before GC invocations=13 (full 3):
 PSYoungGen      total 345088K, used 345087K [0x00000000d5580000, 0x00000000ef480000, 0x0000000100000000)
  eden space 312320K, 100% used [0x00000000d5580000,0x00000000e8680000,0x00000000e8680000)
  from space 32768K, 99% used [0x00000000e8680000,0x00000000ea67ff98,0x00000000ea680000)
  to   space 38400K, 0% used [0x00000000ecf00000,0x00000000ecf00000,0x00000000ef480000)
 ParOldGen       total 514048K, used 49287K [0x0000000080000000, 0x000000009f600000, 0x00000000d5580000)
  object space 514048K, 9% used [0x0000000080000000,0x0000000083021e28,0x000000009f600000)
 Metaspace       used 90557K, capacity 96782K, committed 96920K, reserved 1132544K
  class space    used 12110K, capacity 13223K, committed 13224K, reserved 1048576K
Event: 225.896 GC heap after
Heap after GC invocations=13 (full 3):
 PSYoungGen      total 381440K, used 38045K [0x00000000d5580000, 0x00000000efc00000, 0x0000000100000000)
  eden space 343040K, 0% used [0x00000000d5580000,0x00000000d5580000,0x00000000ea480000)
  from space 38400K, 99% used [0x00000000ecf00000,0x00000000ef427570,0x00000000ef480000)
  to   space 43520K, 0% used [0x00000000ea480000,0x00000000ea480000,0x00000000ecf00000)
 ParOldGen       total 514048K, used 49295K [0x0000000080000000, 0x000000009f600000, 0x00000000d5580000)
  object space 514048K, 9% used [0x0000000080000000,0x0000000083023e28,0x000000009f600000)
 Metaspace       used 90557K, capacity 96782K, committed 96920K, reserved 1132544K
  class space    used 12110K, capacity 13223K, committed 13224K, reserved 1048576K
}
Event: 226.526 GC heap before
{Heap before GC invocations=14 (full 3):
 PSYoungGen      total 381440K, used 151302K [0x00000000d5580000, 0x00000000efc00000, 0x0000000100000000)
  eden space 343040K, 33% used [0x00000000d5580000,0x00000000dc41a4b0,0x00000000ea480000)
  from space 38400K, 99% used [0x00000000ecf00000,0x00000000ef427570,0x00000000ef480000)
  to   space 43520K, 0% used [0x00000000ea480000,0x00000000ea480000,0x00000000ecf00000)
 ParOldGen       total 514048K, used 49295K [0x0000000080000000, 0x000000009f600000, 0x00000000d5580000)
  object space 514048K, 9% used [0x0000000080000000,0x0000000083023e28,0x000000009f600000)
 Metaspace       used 92180K, capacity 98426K, committed 98584K, reserved 1134592K
  class space    used 12351K, capacity 13491K, committed 13608K, reserved 1048576K
Event: 226.540 GC heap after
Heap after GC invocations=14 (full 3):
 PSYoungGen      total 386560K, used 36495K [0x00000000d5580000, 0x00000000f2f80000, 0x0000000100000000)
  eden space 343040K, 0% used [0x00000000d5580000,0x00000000d5580000,0x00000000ea480000)
  from space 43520K, 83% used [0x00000000ea480000,0x00000000ec823fb8,0x00000000ecf00000)
  to   space 46592K, 0% used [0x00000000f0200000,0x00000000f0200000,0x00000000f2f80000)
 ParOldGen       total 514048K, used 49303K [0x0000000080000000, 0x000000009f600000, 0x00000000d5580000)
  object space 514048K, 9% used [0x0000000080000000,0x0000000083025e28,0x000000009f600000)
 Metaspace       used 92180K, capacity 98426K, committed 98584K, reserved 1134592K
  class space    used 12351K, capacity 13491K, committed 13608K, reserved 1048576K
}
Event: 226.540 GC heap before
{Heap before GC invocations=15 (full 4):
 PSYoungGen      total 386560K, used 36495K [0x00000000d5580000, 0x00000000f2f80000, 0x0000000100000000)
  eden space 343040K, 0% used [0x00000000d5580000,0x00000000d5580000,0x00000000ea480000)
  from space 43520K, 83% used [0x00000000ea480000,0x00000000ec823fb8,0x00000000ecf00000)
  to   space 46592K, 0% used [0x00000000f0200000,0x00000000f0200000,0x00000000f2f80000)
 ParOldGen       total 514048K, used 49303K [0x0000000080000000, 0x000000009f600000, 0x00000000d5580000)
  object space 514048K, 9% used [0x0000000080000000,0x0000000083025e28,0x000000009f600000)
 Metaspace       used 92180K, capacity 98426K, committed 98584K, reserved 1134592K
  class space    used 12351K, capacity 13491K, committed 13608K, reserved 1048576K
Event: 226.667 GC heap after
Heap after GC invocations=15 (full 4):
 PSYoungGen      total 386560K, used 0K [0x00000000d5580000, 0x00000000f2f80000, 0x0000000100000000)
  eden space 343040K, 0% used [0x00000000d5580000,0x00000000d5580000,0x00000000ea480000)
  from space 43520K, 0% used [0x00000000ea480000,0x00000000ea480000,0x00000000ecf00000)
  to   space 46592K, 0% used [0x00000000f0200000,0x00000000f0200000,0x00000000f2f80000)
 ParOldGen       total 740352K, used 59318K [0x0000000080000000, 0x00000000ad300000, 0x00000000d5580000)
  object space 740352K, 8% used [0x0000000080000000,0x00000000839edab0,0x00000000ad300000)
 Metaspace       used 91104K, capacity 95292K, committed 98584K, reserved 1134592K
  class space    used 12003K, capacity 12874K, committed 13608K, reserved 1048576K
}
Event: 227.680 GC heap before
{Heap before GC invocations=16 (full 4):
 PSYoungGen      total 386560K, used 343040K [0x00000000d5580000, 0x00000000f2f80000, 0x0000000100000000)
  eden space 343040K, 100% used [0x00000000d5580000,0x00000000ea480000,0x00000000ea480000)
  from space 43520K, 0% used [0x00000000ea480000,0x00000000ea480000,0x00000000ecf00000)
  to   space 46592K, 0% used [0x00000000f0200000,0x00000000f0200000,0x00000000f2f80000)
 ParOldGen       total 740352K, used 59318K [0x0000000080000000, 0x00000000ad300000, 0x00000000d5580000)
  object space 740352K, 8% used [0x0000000080000000,0x00000000839edab0,0x00000000ad300000)
 Metaspace       used 99183K, capacity 104764K, committed 106136K, reserved 1140736K
  class space    used 13143K, capacity 14224K, committed 14504K, reserved 1048576K
Event: 227.714 GC heap after
Heap after GC invocations=16 (full 4):
 PSYoungGen      total 427520K, used 46585K [0x00000000d5580000, 0x00000000f6100000, 0x0000000100000000)
  eden space 380928K, 0% used [0x00000000d5580000,0x00000000d5580000,0x00000000ec980000)
  from space 46592K, 99% used [0x00000000f0200000,0x00000000f2f7e580,0x00000000f2f80000)
  to   space 57856K, 0% used [0x00000000ec980000,0x00000000ec980000,0x00000000f0200000)
 ParOldGen       total 740352K, used 71931K [0x0000000080000000, 0x00000000ad300000, 0x00000000d5580000)
  object space 740352K, 9% used [0x0000000080000000,0x000000008463ed68,0x00000000ad300000)
 Metaspace       used 99183K, capacity 104764K, committed 106136K, reserved 1140736K
  class space    used 13143K, capacity 14224K, committed 14504K, reserved 1048576K
}

